Nov-20 13:51:35.190 [main] DEBUG nextflow.cli.Launcher - $> nextflow blast.nf
Nov-20 13:51:35.268 [main] INFO  nextflow.cli.CmdRun - N E X T F L O W  ~  version 22.04.0
Nov-20 13:51:35.332 [main] INFO  nextflow.cli.CmdRun - Launching `blast.nf` [focused_stone] DSL2 - revision: fa4558bb52
Nov-20 13:51:35.341 [main] DEBUG nextflow.plugin.PluginsFacade - Setting up plugin manager > mode=prod; plugins-dir=/home/clb21565/.nextflow/plugins; core-plugins: nf-amazon@1.7.1,nf-azure@0.13.1,nf-console@1.0.3,nf-ga4gh@1.0.3,nf-google@1.1.4,nf-sqldb@0.4.0,nf-tower@1.4.0
Nov-20 13:51:35.342 [main] DEBUG nextflow.plugin.PluginsFacade - Plugins default=[]
Nov-20 13:51:35.458 [main] INFO  org.pf4j.DefaultPluginStatusProvider - Enabled plugins: []
Nov-20 13:51:35.458 [main] INFO  org.pf4j.DefaultPluginStatusProvider - Disabled plugins: []
Nov-20 13:51:35.460 [main] INFO  org.pf4j.DefaultPluginManager - PF4J version 3.4.1 in 'deployment' mode
Nov-20 13:51:35.467 [main] INFO  org.pf4j.AbstractPluginManager - No plugins
Nov-20 13:51:35.503 [main] DEBUG nextflow.Session - Session uuid: e8b2207e-d812-458d-a910-292b7c4d5bf6
Nov-20 13:51:35.503 [main] DEBUG nextflow.Session - Run name: focused_stone
Nov-20 13:51:35.504 [main] DEBUG nextflow.Session - Executor pool size: 8
Nov-20 13:51:35.534 [main] DEBUG nextflow.cli.CmdRun - 
  Version: 22.04.0 build 5697
  Created: 23-04-2022 18:00 UTC (14:00 EDT)
  System: Linux 3.10.0-1062.18.1.el7.x86_64
  Runtime: Groovy 3.0.10 on OpenJDK 64-Bit Server VM 17.0.3-internal+0-adhoc..src
  Encoding: UTF-8 (UTF-8)
  Process: 25597@tinkercliffs2 [10.128.11.242]
  CPUs: 8 - Mem: 32 GB (13.6 GB) - Swap: 16 GB (9.9 GB)
Nov-20 13:51:35.748 [main] DEBUG nextflow.Session - Work-dir: /projects/ciwars/hgt_support/support/clb/hgt_support/modules/work [nfs]
Nov-20 13:51:35.748 [main] DEBUG nextflow.Session - Script base path does not exist or is not a directory: /projects/ciwars/hgt_support/support/clb/hgt_support/modules/bin
Nov-20 13:51:35.755 [main] DEBUG nextflow.executor.ExecutorFactory - Extension executors providers=[]
Nov-20 13:51:35.764 [main] DEBUG nextflow.Session - Observer factory: DefaultObserverFactory
Nov-20 13:51:35.782 [main] DEBUG nextflow.cache.CacheFactory - Using Nextflow cache factory: nextflow.cache.DefaultCacheFactory
Nov-20 13:51:35.790 [main] DEBUG nextflow.util.CustomThreadPool - Creating default thread pool > poolSize: 9; maxThreads: 1000
Nov-20 13:51:36.145 [main] DEBUG nextflow.Session - Session start invoked
Nov-20 13:51:36.643 [main] DEBUG nextflow.script.ScriptRunner - > Launching execution
Nov-20 13:51:36.657 [main] DEBUG nextflow.Session - Session aborted -- Cause: Missing workflow definition - DSL2 requires at least a workflow block in the main script
Nov-20 13:51:36.664 [main] DEBUG nextflow.cli.Launcher - Operation aborted
nextflow.exception.AbortOperationException: Missing workflow definition - DSL2 requires at least a workflow block in the main script
	at java.base/jdk.internal.reflect.NativeConstructorAccessorImpl.newInstance0(Native Method)
	at java.base/jdk.internal.reflect.NativeConstructorAccessorImpl.newInstance(NativeConstructorAccessorImpl.java:77)
	at java.base/jdk.internal.reflect.DelegatingConstructorAccessorImpl.newInstance(DelegatingConstructorAccessorImpl.java:45)
	at java.base/java.lang.reflect.Constructor.newInstanceWithCaller(Constructor.java:499)
	at java.base/java.lang.reflect.Constructor.newInstance(Constructor.java:480)
	at org.codehaus.groovy.reflection.CachedConstructor.invoke(CachedConstructor.java:72)
	at org.codehaus.groovy.runtime.callsite.ConstructorSite$ConstructorSiteNoUnwrapNoCoerce.callConstructor(ConstructorSite.java:105)
	at org.codehaus.groovy.runtime.callsite.CallSiteArray.defaultCallConstructor(CallSiteArray.java:59)
	at org.codehaus.groovy.runtime.callsite.AbstractCallSite.callConstructor(AbstractCallSite.java:263)
	at org.codehaus.groovy.runtime.callsite.AbstractCallSite.callConstructor(AbstractCallSite.java:277)
	at nextflow.script.BaseScript.runDsl2(BaseScript.groovy:188)
	at nextflow.script.BaseScript.run(BaseScript.groovy:203)
	at nextflow.script.ScriptParser.runScript(ScriptParser.groovy:220)
	at nextflow.script.ScriptRunner.run(ScriptRunner.groovy:212)
	at nextflow.script.ScriptRunner.execute(ScriptRunner.groovy:120)
	at nextflow.cli.CmdRun.run(CmdRun.groovy:334)
	at nextflow.cli.Launcher.run(Launcher.groovy:480)
	at nextflow.cli.Launcher.main(Launcher.groovy:639)
