Nov-20 15:37:20.910 [main] DEBUG nextflow.cli.Launcher - $> nextflow runHGTsp1.nf --input test.fasta --outdir t2
Nov-20 15:37:20.990 [main] INFO  nextflow.cli.CmdRun - N E X T F L O W  ~  version 22.04.0
Nov-20 15:37:21.003 [main] DEBUG nextflow.config.ConfigBuilder - Found config local: /projects/ciwars/hgt_support/support/clb/hgt_support/nextflow.config
Nov-20 15:37:21.003 [main] DEBUG nextflow.config.ConfigBuilder - Parsing config file: /projects/ciwars/hgt_support/support/clb/hgt_support/nextflow.config
Nov-20 15:37:21.019 [main] DEBUG nextflow.config.ConfigBuilder - Applying config profile: `standard`
Nov-20 15:37:21.528 [main] INFO  nextflow.cli.CmdRun - Launching `runHGTsp1.nf` [elegant_hypatia] DSL2 - revision: bf6907f336
Nov-20 15:37:21.536 [main] DEBUG nextflow.plugin.PluginsFacade - Setting up plugin manager > mode=prod; plugins-dir=/home/clb21565/.nextflow/plugins; core-plugins: nf-amazon@1.7.1,nf-azure@0.13.1,nf-console@1.0.3,nf-ga4gh@1.0.3,nf-google@1.1.4,nf-sqldb@0.4.0,nf-tower@1.4.0
Nov-20 15:37:21.537 [main] DEBUG nextflow.plugin.PluginsFacade - Plugins default=[]
Nov-20 15:37:21.545 [main] INFO  org.pf4j.DefaultPluginStatusProvider - Enabled plugins: []
Nov-20 15:37:21.546 [main] INFO  org.pf4j.DefaultPluginStatusProvider - Disabled plugins: []
Nov-20 15:37:21.548 [main] INFO  org.pf4j.DefaultPluginManager - PF4J version 3.4.1 in 'deployment' mode
Nov-20 15:37:21.555 [main] INFO  org.pf4j.AbstractPluginManager - No plugins
Nov-20 15:37:21.589 [main] DEBUG nextflow.Session - Session uuid: c37fffb5-7281-4032-9c2e-6e3984e3eae9
Nov-20 15:37:21.589 [main] DEBUG nextflow.Session - Run name: elegant_hypatia
Nov-20 15:37:21.590 [main] DEBUG nextflow.Session - Executor pool size: 8
Nov-20 15:37:21.616 [main] DEBUG nextflow.cli.CmdRun - 
  Version: 22.04.0 build 5697
  Created: 23-04-2022 18:00 UTC (14:00 EDT)
  System: Linux 3.10.0-1062.18.1.el7.x86_64
  Runtime: Groovy 3.0.10 on OpenJDK 64-Bit Server VM 17.0.3-internal+0-adhoc..src
  Encoding: UTF-8 (UTF-8)
  Process: 170702@tinkercliffs2 [10.128.11.242]
  CPUs: 8 - Mem: 32 GB (8 GB) - Swap: 16 GB (9.9 GB)
Nov-20 15:37:21.638 [main] DEBUG nextflow.Session - Work-dir: /projects/ciwars/hgt_support/support/clb/hgt_support/work [nfs]
Nov-20 15:37:21.652 [main] DEBUG nextflow.executor.ExecutorFactory - Extension executors providers=[]
Nov-20 15:37:21.659 [main] DEBUG nextflow.Session - Observer factory: DefaultObserverFactory
Nov-20 15:37:21.700 [main] DEBUG nextflow.cache.CacheFactory - Using Nextflow cache factory: nextflow.cache.DefaultCacheFactory
Nov-20 15:37:21.707 [main] DEBUG nextflow.util.CustomThreadPool - Creating default thread pool > poolSize: 9; maxThreads: 1000
Nov-20 15:37:21.929 [main] DEBUG nextflow.Session - Session start invoked
Nov-20 15:37:22.154 [main] DEBUG nextflow.script.ScriptRunner - > Launching execution
Nov-20 15:37:22.168 [main] INFO  nextflow.Nextflow -          h g t s u p p o r t - an N F   P I P E L I N E
==================================================================================================
 Input: /projects/ciwars/hgt_support/support/clb/hgt_support/test.fasta	
 Output Prefix: smalltest
 Work Directory: /projects/ciwars/hgt_support/support/clb/hgt_support/t2
 Script Directory: /projects/ciwars/hgt_support/support/clb/hgt_support
==================================================================================================
         
Nov-20 15:37:22.495 [main] DEBUG nextflow.executor.ExecutorFactory - << taskConfig executor: null
Nov-20 15:37:22.495 [main] DEBUG nextflow.executor.ExecutorFactory - >> processorType: 'local'
Nov-20 15:37:22.499 [main] DEBUG nextflow.executor.Executor - [warm up] executor > local
Nov-20 15:37:22.502 [main] DEBUG n.processor.LocalPollingMonitor - Creating local task monitor for executor 'local' > cpus=8; memory=32 GB; capacity=8; pollInterval=100ms; dumpInterval=5m
Nov-20 15:37:22.566 [main] DEBUG nextflow.executor.ExecutorFactory - << taskConfig executor: null
Nov-20 15:37:22.567 [main] DEBUG nextflow.executor.ExecutorFactory - >> processorType: 'local'
Nov-20 15:37:22.570 [main] DEBUG nextflow.executor.ExecutorFactory - << taskConfig executor: null
Nov-20 15:37:22.570 [main] DEBUG nextflow.executor.ExecutorFactory - >> processorType: 'local'
Nov-20 15:37:22.573 [main] DEBUG nextflow.executor.ExecutorFactory - << taskConfig executor: null
Nov-20 15:37:22.573 [main] DEBUG nextflow.executor.ExecutorFactory - >> processorType: 'local'
Nov-20 15:37:22.583 [main] DEBUG nextflow.executor.ExecutorFactory - << taskConfig executor: null
Nov-20 15:37:22.583 [main] DEBUG nextflow.executor.ExecutorFactory - >> processorType: 'local'
Nov-20 15:37:22.585 [main] DEBUG nextflow.Session - Workflow process names [dsl2]: support_derep, flow3:mmseqs_prots, flow1:blastdb, pprodigal, mmseqs_contigs, flow1:mmseqs_contigs, flow4:support_derep, flow2:pprodigal, blastdb, mmseqs_prots
Nov-20 15:37:22.586 [main] DEBUG nextflow.Session - Ignite dataflow network (6)
Nov-20 15:37:22.586 [main] DEBUG nextflow.processor.TaskProcessor - Starting process > flow1:blastdb
Nov-20 15:37:22.586 [main] DEBUG nextflow.processor.TaskProcessor - Starting process > flow1:mmseqs_contigs
Nov-20 15:37:22.587 [main] DEBUG nextflow.processor.TaskProcessor - Starting process > flow2:pprodigal
Nov-20 15:37:22.587 [main] DEBUG nextflow.processor.TaskProcessor - Starting process > flow3:mmseqs_prots
Nov-20 15:37:22.591 [main] DEBUG nextflow.processor.TaskProcessor - Starting process > flow4:support_derep
Nov-20 15:37:22.591 [main] DEBUG nextflow.script.ScriptRunner - > Await termination 
Nov-20 15:37:22.591 [main] DEBUG nextflow.Session - Session await
Nov-20 15:37:22.682 [Task submitter] DEBUG nextflow.executor.LocalTaskHandler - Launch cmd line: /bin/bash -ue .command.run
Nov-20 15:37:22.685 [Task submitter] INFO  nextflow.Session - [82/ef7c21] Submitted process > flow1:blastdb
Nov-20 15:37:22.694 [Task submitter] DEBUG nextflow.executor.LocalTaskHandler - Launch cmd line: /bin/bash -ue .command.run
Nov-20 15:37:22.734 [Task submitter] INFO  nextflow.Session - [68/60ea51] Submitted process > flow1:mmseqs_contigs
Nov-20 15:37:23.440 [Task monitor] DEBUG n.processor.TaskPollingMonitor - Task completed > TaskHandler[id: 2; name: flow1:blastdb; status: COMPLETED; exit: 0; error: -; workDir: /projects/ciwars/hgt_support/support/clb/hgt_support/work/82/ef7c21cd724d5f87ba148db0ab4fd0]
Nov-20 15:37:47.967 [Task monitor] DEBUG n.processor.TaskPollingMonitor - Task completed > TaskHandler[id: 1; name: flow1:mmseqs_contigs; status: COMPLETED; exit: 0; error: -; workDir: /projects/ciwars/hgt_support/support/clb/hgt_support/work/68/60ea51c0ec513360c5bec2549dda2d]
Nov-20 15:37:47.989 [Task submitter] DEBUG nextflow.executor.LocalTaskHandler - Launch cmd line: /bin/bash -ue .command.run
Nov-20 15:37:47.989 [Task submitter] INFO  nextflow.Session - [a8/66abfc] Submitted process > flow2:pprodigal
Nov-20 15:37:48.751 [Task monitor] DEBUG n.processor.TaskPollingMonitor - Task completed > TaskHandler[id: 3; name: flow2:pprodigal; status: COMPLETED; exit: 0; error: -; workDir: /projects/ciwars/hgt_support/support/clb/hgt_support/work/a8/66abfcdcd95b100a022945ecfb14d8]
Nov-20 15:37:48.765 [Task submitter] DEBUG nextflow.executor.LocalTaskHandler - Launch cmd line: /bin/bash -ue .command.run
Nov-20 15:37:48.765 [Task submitter] INFO  nextflow.Session - [72/dfe4e2] Submitted process > flow3:mmseqs_prots
Nov-20 15:38:03.606 [Task monitor] DEBUG n.processor.TaskPollingMonitor - Task completed > TaskHandler[id: 4; name: flow3:mmseqs_prots; status: COMPLETED; exit: 0; error: -; workDir: /projects/ciwars/hgt_support/support/clb/hgt_support/work/72/dfe4e2f1f3cb990145bb3a6308acc6]
Nov-20 15:38:03.626 [Task submitter] DEBUG nextflow.executor.LocalTaskHandler - Launch cmd line: /bin/bash -ue .command.run
Nov-20 15:38:03.627 [Task submitter] INFO  nextflow.Session - [91/51aed3] Submitted process > flow4:support_derep (1)
Nov-20 15:38:04.663 [Task monitor] DEBUG n.processor.TaskPollingMonitor - Task completed > TaskHandler[id: 5; name: flow4:support_derep (1); status: COMPLETED; exit: 0; error: -; workDir: /projects/ciwars/hgt_support/support/clb/hgt_support/work/91/51aed332bfeedea3bab07726b01253]
Nov-20 15:38:04.668 [main] DEBUG nextflow.Session - Session await > all process finished
Nov-20 15:38:04.763 [main] DEBUG nextflow.Session - Session await > all barriers passed
Nov-20 15:38:04.770 [main] DEBUG nextflow.trace.WorkflowStatsObserver - Workflow completed > WorkflowStats[succeededCount=5; failedCount=0; ignoredCount=0; cachedCount=0; pendingCount=0; submittedCount=0; runningCount=0; retriesCount=0; abortedCount=0; succeedDuration=42.1s; failedDuration=0ms; cachedDuration=0ms;loadCpus=0; loadMemory=0; peakRunning=2; peakCpus=2; peakMemory=0; ]
Nov-20 15:38:04.971 [main] DEBUG nextflow.cache.CacheDB - Closing CacheDB done
Nov-20 15:38:04.984 [main] DEBUG nextflow.script.ScriptRunner - > Execution complete -- Goodbye
