Create directory contigs99.tmp
easy-cluster smaller.test.fasta contigs99 contigs99.tmp --min-seq-id 0.99 -c 0.6 --cov-mode 1 

MMseqs Version:                     	13.45111
Substitution matrix                 	nucl:nucleotide.out,aa:blosum62.out
Seed substitution matrix            	nucl:nucleotide.out,aa:VTML80.out
Sensitivity                         	4
k-mer length                        	0
k-score                             	2147483647
Alphabet size                       	nucl:5,aa:21
Max sequence length                 	65535
Max results per query               	20
Split database                      	0
Split mode                          	2
Split memory limit                  	0
Coverage threshold                  	0.6
Coverage mode                       	1
Compositional bias                  	1
Diagonal scoring                    	true
Exact k-mer matching                	0
Mask residues                       	1
Mask lower case residues            	0
Minimum diagonal score              	15
Include identical seq. id.          	false
Spaced k-mers                       	1
Preload mode                        	0
Pseudo count a                      	1
Pseudo count b                      	1.5
Spaced k-mer pattern                	
Local temporary path                	
Threads                             	128
Compressed                          	0
Verbosity                           	3
Add backtrace                       	false
Alignment mode                      	3
Alignment mode                      	0
Allow wrapped scoring               	false
E-value threshold                   	0.001
Seq. id. threshold                  	0.99
Min alignment length                	0
Seq. id. mode                       	0
Alternative alignments              	0
Max reject                          	2147483647
Max accept                          	2147483647
Score bias                          	0
Realign hits                        	false
Realign score bias                  	-0.2
Realign max seqs                    	2147483647
Gap open cost                       	nucl:5,aa:11
Gap extension cost                  	nucl:2,aa:1
Zdrop                               	40
Rescore mode                        	0
Remove hits by seq. id. and coverage	false
Sort results                        	0
Cluster mode                        	0
Max connected component depth       	1000
Similarity type                     	2
Single step clustering              	false
Cascaded clustering steps           	3
Cluster reassign                    	false
Remove temporary files              	true
Force restart with latest tmp       	false
MPI runner                          	
k-mers per sequence                 	21
Scale k-mers per sequence           	nucl:0.200,aa:0.000
Adjust k-mer length                 	false
Shift hash                          	67
Include only extendable             	false
Skip repeating k-mers               	false
Database type                       	0
Shuffle input database              	true
Createdb mode                       	1
Write lookup file                   	0
Offset of numeric ids               	0

createdb smaller.test.fasta contigs99.tmp/5604827727106119349/input --dbtype 0 --shuffle 1 --createdb-mode 1 --write-lookup 0 --id-offset 0 --compressed 0 -v 3 

Shuffle database cannot be combined with --createdb-mode 0
We recompute with --shuffle 0
Converting sequences
[
Time for merging to input_h: 0h 0m 0s 2ms
Time for merging to input: 0h 0m 0s 2ms
Database type: Nucleotide
Time for processing: 0h 0m 0s 20ms
Create directory contigs99.tmp/5604827727106119349/clu_tmp
cluster contigs99.tmp/5604827727106119349/input contigs99.tmp/5604827727106119349/clu contigs99.tmp/5604827727106119349/clu_tmp --max-seqs 20 -c 0.6 --cov-mode 1 --spaced-kmer-mode 1 --alignment-mode 3 -e 0.001 --min-seq-id 0.99 --remove-tmp-files 1 

Set cluster sensitivity to -s 1.000000
Set cluster mode GREEDY MEM
Set cluster iterations to 1
linclust contigs99.tmp/5604827727106119349/input contigs99.tmp/5604827727106119349/clu_tmp/6536699530685692491/clu_redundancy contigs99.tmp/5604827727106119349/clu_tmp/6536699530685692491/linclust --cluster-mode 3 --max-iterations 1000 --similarity-type 2 --threads 128 --compressed 0 -v 3 --sub-mat nucl:nucleotide.out,aa:blosum62.out -a 0 --alignment-mode 3 --alignment-output-mode 0 --wrapped-scoring 0 -e 0.001 --min-seq-id 0.99 --min-aln-len 0 --seq-id-mode 0 --alt-ali 0 -c 0.6 --cov-mode 1 --max-seq-len 10000 --comp-bias-corr 0 --max-rejected 2147483647 --max-accept 2147483647 --add-self-matches 0 --db-load-mode 0 --pca 1 --pcb 1.5 --score-bias 0 --realign 0 --realign-score-bias -0.2 --realign-max-seqs 2147483647 --gap-open nucl:5,aa:11 --gap-extend nucl:2,aa:1 --zdrop 40 --alph-size nucl:5,aa:21 --kmer-per-seq 21 --spaced-kmer-mode 1 --kmer-per-seq-scale nucl:0.200,aa:0.000 --adjust-kmer-len 0 --mask 1 --mask-lower-case 0 -k 0 --hash-shift 67 --split-memory-limit 0 --include-only-extendable 0 --ignore-multi-kmer 0 --rescore-mode 0 --filter-hits 0 --sort-results 0 --remove-tmp-files 1 --force-reuse 0 

kmermatcher contigs99.tmp/5604827727106119349/input contigs99.tmp/5604827727106119349/clu_tmp/6536699530685692491/linclust/11948056243004948307/pref --sub-mat nucl:nucleotide.out,aa:blosum62.out --alph-size nucl:5,aa:21 --min-seq-id 0.99 --kmer-per-seq 21 --spaced-kmer-mode 1 --kmer-per-seq-scale nucl:0.200,aa:0.000 --adjust-kmer-len 0 --mask 1 --mask-lower-case 0 --cov-mode 1 -k 0 -c 0.6 --max-seq-len 10000 --hash-shift 67 --split-memory-limit 0 --include-only-extendable 0 --ignore-multi-kmer 0 --threads 128 --compressed 0 -v 3 

kmermatcher contigs99.tmp/5604827727106119349/input contigs99.tmp/5604827727106119349/clu_tmp/6536699530685692491/linclust/11948056243004948307/pref --sub-mat nucl:nucleotide.out,aa:blosum62.out --alph-size nucl:5,aa:21 --min-seq-id 0.99 --kmer-per-seq 21 --spaced-kmer-mode 1 --kmer-per-seq-scale nucl:0.200,aa:0.000 --adjust-kmer-len 0 --mask 1 --mask-lower-case 0 --cov-mode 1 -k 0 -c 0.6 --max-seq-len 10000 --hash-shift 67 --split-memory-limit 0 --include-only-extendable 0 --ignore-multi-kmer 0 --threads 128 --compressed 0 -v 3 

Database size: 500 type: Nucleotide

Generate k-mers list for 1 split
=[================================================================] 500 0s 155ms

Adjusted k-mer length 17
Sort kmer 0h 0m 1s 86ms
Sort by rep. sequence 0h 0m 0s 0ms
Time for fill: 0h 0m 0s 0ms
Time for merging to pref: 0h 0m 0s 3ms
Time for processing: 0h 0m 1s 811ms
rescorediagonal contigs99.tmp/5604827727106119349/input contigs99.tmp/5604827727106119349/input contigs99.tmp/5604827727106119349/clu_tmp/6536699530685692491/linclust/11948056243004948307/pref contigs99.tmp/5604827727106119349/clu_tmp/6536699530685692491/linclust/11948056243004948307/pref_rescore1 --sub-mat nucl:nucleotide.out,aa:blosum62.out --rescore-mode 0 --wrapped-scoring 0 --filter-hits 0 -e 0.001 -c 0.6 -a 0 --cov-mode 1 --min-seq-id 0.99 --min-aln-len 0 --seq-id-mode 0 --add-self-matches 0 --sort-results 0 --db-load-mode 0 --threads 128 --compressed 0 -v 3 

==============[===================================================] 500 0s 73ms
Time for merging to pref_rescore1: 0h 0m 0s 243ms
Time for processing: 0h 0m 0s 853ms
clust contigs99.tmp/5604827727106119349/input contigs99.tmp/5604827727106119349/clu_tmp/6536699530685692491/linclust/11948056243004948307/pref_rescore1 contigs99.tmp/5604827727106119349/clu_tmp/6536699530685692491/linclust/11948056243004948307/pre_clust --cluster-mode 3 --max-iterations 1000 --similarity-type 2 --threads 128 --compressed 0 -v 3 

Clustering mode: Greedy Low Mem
Total time: 0h 0m 0s 392ms

Size of the sequence database: 500
Size of the alignment database: 500
Number of clusters: 500

Writing results 0h 0m 0s 0ms
Time for merging to pre_clust: 0h 0m 0s 3ms
Time for processing: 0h 0m 0s 544ms
createsubdb contigs99.tmp/5604827727106119349/clu_tmp/6536699530685692491/linclust/11948056243004948307/order_redundancy contigs99.tmp/5604827727106119349/input contigs99.tmp/5604827727106119349/clu_tmp/6536699530685692491/linclust/11948056243004948307/input_step_redundancy -v 3 --subdb-mode 1 

Time for merging to input_step_redundancy: 0h 0m 0s 2ms
Time for processing: 0h 0m 0s 60ms
createsubdb contigs99.tmp/5604827727106119349/clu_tmp/6536699530685692491/linclust/11948056243004948307/order_redundancy contigs99.tmp/5604827727106119349/clu_tmp/6536699530685692491/linclust/11948056243004948307/pref contigs99.tmp/5604827727106119349/clu_tmp/6536699530685692491/linclust/11948056243004948307/pref_filter1 -v 3 --subdb-mode 1 

Time for merging to pref_filter1: 0h 0m 0s 2ms
Time for processing: 0h 0m 0s 14ms
filterdb contigs99.tmp/5604827727106119349/clu_tmp/6536699530685692491/linclust/11948056243004948307/pref_filter1 contigs99.tmp/5604827727106119349/clu_tmp/6536699530685692491/linclust/11948056243004948307/pref_filter2 --filter-file contigs99.tmp/5604827727106119349/clu_tmp/6536699530685692491/linclust/11948056243004948307/order_redundancy --threads 128 --compressed 0 -v 3 

Filtering using file(s)
======[===========================================================] 500 0s 83ms
Time for merging to pref_filter2: 0h 0m 0s 215ms
Time for processing: 0h 0m 0s 762ms
align contigs99.tmp/5604827727106119349/clu_tmp/6536699530685692491/linclust/11948056243004948307/input_step_redundancy contigs99.tmp/5604827727106119349/clu_tmp/6536699530685692491/linclust/11948056243004948307/input_step_redundancy contigs99.tmp/5604827727106119349/clu_tmp/6536699530685692491/linclust/11948056243004948307/pref_filter2 contigs99.tmp/5604827727106119349/clu_tmp/6536699530685692491/linclust/11948056243004948307/aln --sub-mat nucl:nucleotide.out,aa:blosum62.out -a 0 --alignment-mode 3 --alignment-output-mode 0 --wrapped-scoring 0 -e 0.001 --min-seq-id 0.99 --min-aln-len 0 --seq-id-mode 0 --alt-ali 0 -c 0.6 --cov-mode 1 --max-seq-len 10000 --comp-bias-corr 0 --max-rejected 2147483647 --max-accept 2147483647 --add-self-matches 0 --db-load-mode 0 --pca 1 --pcb 1.5 --score-bias 0 --realign 0 --realign-score-bias -0.2 --realign-max-seqs 2147483647 --gap-open nucl:5,aa:11 --gap-extend nucl:2,aa:1 --zdrop 40 --threads 128 --compressed 0 -v 3 

Compute score, coverage and sequence identity
Query database size: 500 type: Nucleotide
Target database size: 500 type: Nucleotide
Calculation of alignments
[=================================================================] 500 0s 58ms
Time for merging to aln: 0h 0m 0s 216ms
705 alignments calculated
501 sequence pairs passed the thresholds (0.710638 of overall calculated)
1.002000 hits per query sequence
Time for processing: 0h 0m 0s 829ms
clust contigs99.tmp/5604827727106119349/clu_tmp/6536699530685692491/linclust/11948056243004948307/input_step_redundancy contigs99.tmp/5604827727106119349/clu_tmp/6536699530685692491/linclust/11948056243004948307/aln contigs99.tmp/5604827727106119349/clu_tmp/6536699530685692491/linclust/11948056243004948307/clust --cluster-mode 3 --max-iterations 1000 --similarity-type 2 --threads 128 --compressed 0 -v 3 

Clustering mode: Greedy Low Mem
Total time: 0h 0m 0s 415ms

Size of the sequence database: 500
Size of the alignment database: 500
Number of clusters: 499

Writing results 0h 0m 0s 0ms
Time for merging to clust: 0h 0m 0s 2ms
Time for processing: 0h 0m 0s 573ms
mergeclusters contigs99.tmp/5604827727106119349/input contigs99.tmp/5604827727106119349/clu_tmp/6536699530685692491/clu_redundancy contigs99.tmp/5604827727106119349/clu_tmp/6536699530685692491/linclust/11948056243004948307/pre_clust contigs99.tmp/5604827727106119349/clu_tmp/6536699530685692491/linclust/11948056243004948307/clust --threads 128 --compressed 0 -v 3 

Clustering step 1
[=================================================================] 500 0s 175ms
Clustering step 2
[=================================================================] 499 0s 477ms
Write merged clustering
[=================================================================] 500 0s 891ms
Time for merging to clu_redundancy: 0h 0m 0s 215ms
Time for processing: 0h 0m 1s 313ms
rmdb contigs99.tmp/5604827727106119349/clu_tmp/6536699530685692491/linclust/11948056243004948307/pref_filter1 -v 3 

Time for processing: 0h 0m 0s 3ms
rmdb contigs99.tmp/5604827727106119349/clu_tmp/6536699530685692491/linclust/11948056243004948307/pref -v 3 

Time for processing: 0h 0m 0s 2ms
rmdb contigs99.tmp/5604827727106119349/clu_tmp/6536699530685692491/linclust/11948056243004948307/pref_rescore1 -v 3 

Time for processing: 0h 0m 0s 100ms
rmdb contigs99.tmp/5604827727106119349/clu_tmp/6536699530685692491/linclust/11948056243004948307/pre_clust -v 3 

Time for processing: 0h 0m 0s 2ms
rmdb contigs99.tmp/5604827727106119349/clu_tmp/6536699530685692491/linclust/11948056243004948307/input_step_redundancy -v 3 

Time for processing: 0h 0m 0s 3ms
rmdb contigs99.tmp/5604827727106119349/clu_tmp/6536699530685692491/linclust/11948056243004948307/input_step_redundancy_h -v 3 

Time for processing: 0h 0m 0s 2ms
rmdb contigs99.tmp/5604827727106119349/clu_tmp/6536699530685692491/linclust/11948056243004948307/pref_filter2 -v 3 

Time for processing: 0h 0m 0s 98ms
rmdb contigs99.tmp/5604827727106119349/clu_tmp/6536699530685692491/linclust/11948056243004948307/aln -v 3 

Time for processing: 0h 0m 0s 99ms
rmdb contigs99.tmp/5604827727106119349/clu_tmp/6536699530685692491/linclust/11948056243004948307/clust -v 3 

Time for processing: 0h 0m 0s 2ms
createsubdb contigs99.tmp/5604827727106119349/clu_tmp/6536699530685692491/clu_redundancy contigs99.tmp/5604827727106119349/input contigs99.tmp/5604827727106119349/clu_tmp/6536699530685692491/input_step_redundancy -v 3 --subdb-mode 1 

Time for merging to input_step_redundancy: 0h 0m 0s 2ms
Time for processing: 0h 0m 0s 14ms
extractframes contigs99.tmp/5604827727106119349/clu_tmp/6536699530685692491/input_step_redundancy contigs99.tmp/5604827727106119349/clu_tmp/6536699530685692491/query_seqs --forward-frames 1 --reverse-frames 1 --create-lookup 0 --threads 128 --compressed 0 -v 3 

===================[==============================================] 499 0s 82ms
Time for merging to query_seqs_h: 0h 0m 0s 306ms
Time for merging to query_seqs: 0h 0m 0s 348ms
Time for processing: 0h 0m 1s 468ms
prefilter contigs99.tmp/5604827727106119349/clu_tmp/6536699530685692491/query_seqs contigs99.tmp/5604827727106119349/clu_tmp/6536699530685692491/input_step_redundancy contigs99.tmp/5604827727106119349/clu_tmp/6536699530685692491/pref --sub-mat nucl:nucleotide.out,aa:blosum62.out --seed-sub-mat nucl:nucleotide.out,aa:VTML80.out -s 1 -k 15 --k-score 2147483647 --alph-size nucl:5,aa:21 --max-seq-len 10000 --max-seqs 20 --split 0 --split-mode 2 --split-memory-limit 0 -c 0.6 --cov-mode 1 --comp-bias-corr 0 --diag-score 0 --exact-kmer-matching 1 --mask 1 --mask-lower-case 0 --min-ungapped-score 60 --add-self-matches 0 --spaced-kmer-mode 1 --db-load-mode 0 --pca 1 --pcb 1.5 --threads 128 --compressed 0 -v 3 

Query database size: 998 type: Nucleotide
Estimated memory consumption: 8G
Target database size: 499 type: Nucleotide
Index table k-mer threshold: 0 at k-mer size 15 
Index table: counting k-mers
[=================================================================] 499 0s 272ms
Index table: Masked residues: 2288
Index table: fill
[=================================================================] 499 0s 246ms
Index statistics
Entries:          805485
DB size:          8196 MB
Avg k-mer size:   0.000750
Top 10 k-mers
    GTGTCTGGCGTGGTA	5
    GACATTGGCTTCCTT	5
    TACAAACAGACGCGT	5
    AAGCGGCGGCGAAGG	5
    TTCATTCGCTGGAGA	4
    GCCTCAGTCGGAGGA	4
    AGCGATCAGCGCGGA	4
    CCGGCGGTGATCAAC	4
    GTGGTCGAGACGTAC	4
    CATAGAGCTGACACC	4
Time for index table init: 0h 0m 10s 242ms
Process prefiltering step 1 of 1

k-mer similarity threshold: 0
Starting prefiltering scores calculation (step 1 of 1)
Query db start 1 to 998
Target db start 1 to 499
[=================================================================] 998 0s 164ms

0.979507 k-mers per position
855 DB matches per sequence
0 overflows
0 queries produce too many hits (truncated result)
0 sequences passed prefiltering per query sequence
1 median result list length
423 sequences with 0 size result lists
Time for merging to pref: 0h 0m 0s 237ms
Time for processing: 0h 0m 11s 868ms
rescorediagonal contigs99.tmp/5604827727106119349/clu_tmp/6536699530685692491/query_seqs contigs99.tmp/5604827727106119349/clu_tmp/6536699530685692491/input_step_redundancy contigs99.tmp/5604827727106119349/clu_tmp/6536699530685692491/pref contigs99.tmp/5604827727106119349/clu_tmp/6536699530685692491/aln_ungapped --sub-mat nucl:nucleotide.out,aa:blosum62.out --rescore-mode 2 --wrapped-scoring 0 --filter-hits 0 -e 0.001 -c 0.6 -a 0 --cov-mode 1 --min-seq-id 0.99 --min-aln-len 0 --seq-id-mode 0 --add-self-matches 0 --sort-results 0 --db-load-mode 0 --threads 128 --compressed 0 -v 3 

=[===============================================================] 998= 0s 16ms
Time for merging to aln_ungapped: 0h 0m 0s 208ms
Time for processing: 0h 0m 0s 923ms
subtractdbs contigs99.tmp/5604827727106119349/clu_tmp/6536699530685692491/pref contigs99.tmp/5604827727106119349/clu_tmp/6536699530685692491/aln_ungapped contigs99.tmp/5604827727106119349/clu_tmp/6536699530685692491/pref_subtract --threads 128 --compressed 0 -v 3 

subtractdbs contigs99.tmp/5604827727106119349/clu_tmp/6536699530685692491/pref contigs99.tmp/5604827727106119349/clu_tmp/6536699530685692491/aln_ungapped contigs99.tmp/5604827727106119349/clu_tmp/6536699530685692491/pref_subtract --threads 128 --compressed 0 -v 3 

Remove contigs99.tmp/5604827727106119349/clu_tmp/6536699530685692491/aln_ungapped ids from contigs99.tmp/5604827727106119349/clu_tmp/6536699530685692491/pref
[=================================================================] 998 0s 66ms
Time for merging to pref_subtract: 0h 0m 0s 201ms
Time for processing: 0h 0m 0s 888ms
align contigs99.tmp/5604827727106119349/clu_tmp/6536699530685692491/query_seqs contigs99.tmp/5604827727106119349/clu_tmp/6536699530685692491/input_step_redundancy contigs99.tmp/5604827727106119349/clu_tmp/6536699530685692491/pref_subtract contigs99.tmp/5604827727106119349/clu_tmp/6536699530685692491/aln_gapped --sub-mat nucl:nucleotide.out,aa:blosum62.out -a 0 --alignment-mode 3 --alignment-output-mode 0 --wrapped-scoring 0 -e 0.001 --min-seq-id 0.99 --min-aln-len 0 --seq-id-mode 0 --alt-ali 0 -c 0.6 --cov-mode 1 --max-seq-len 10000 --comp-bias-corr 0 --max-rejected 2147483647 --max-accept 2147483647 --add-self-matches 0 --db-load-mode 0 --pca 1 --pcb 1.5 --score-bias 0 --realign 0 --realign-score-bias -0.2 --realign-max-seqs 2147483647 --gap-open nucl:5,aa:11 --gap-extend nucl:2,aa:1 --zdrop 40 --threads 128 --compressed 0 -v 3 

Compute score, coverage and sequence identity
Query database size: 998 type: Nucleotide
Target database size: 499 type: Nucleotide
Calculation of alignments
[=================================================================] 998 0s 140ms
Time for merging to aln_gapped: 0h 0m 0s 248ms
146 alignments calculated
0 sequence pairs passed the thresholds (0.000000 of overall calculated)
0.000000 hits per query sequence
Time for processing: 0h 0m 0s 962ms
concatdbs contigs99.tmp/5604827727106119349/clu_tmp/6536699530685692491/aln_ungapped contigs99.tmp/5604827727106119349/clu_tmp/6536699530685692491/aln_gapped contigs99.tmp/5604827727106119349/clu_tmp/6536699530685692491/aln --preserve-keys --take-larger-entry --threads 128 --compressed 0 -v 3 

=[================================================================] 998 0s 30ms
[=================================================================] 998 0s 316ms
Time for merging to aln: 0h 0m 0s 309ms
Time for processing: 0h 0m 1s 134ms
offsetalignment contigs99.tmp/5604827727106119349/clu_tmp/6536699530685692491/input_step_redundancy contigs99.tmp/5604827727106119349/clu_tmp/6536699530685692491/query_seqs contigs99.tmp/5604827727106119349/clu_tmp/6536699530685692491/input_step_redundancy contigs99.tmp/5604827727106119349/clu_tmp/6536699530685692491/input_step_redundancy contigs99.tmp/5604827727106119349/clu_tmp/6536699530685692491/aln contigs99.tmp/5604827727106119349/clu_tmp/6536699530685692491/aln_off --chain-alignments 0 --merge-query 1 --search-type 3 --threads 128 --compressed 0 --db-load-mode 0 -v 3 

Computing ORF lookup
Computing contig offsets
Computing contig lookup
Time for contig lookup: 0h 0m 0s 648ms
Writing results to: contigs99.tmp/5604827727106119349/clu_tmp/6536699530685692491/aln_off
=====[============================================================] 500 0s 12ms

Time for merging to aln_off: 0h 0m 0s 201ms
Time for processing: 0h 0m 1s 427ms
clust contigs99.tmp/5604827727106119349/clu_tmp/6536699530685692491/input_step_redundancy contigs99.tmp/5604827727106119349/clu_tmp/6536699530685692491/aln_off contigs99.tmp/5604827727106119349/clu_tmp/6536699530685692491/clu --cluster-mode 3 --max-iterations 1000 --similarity-type 2 --threads 128 --compressed 0 -v 3 

Clustering mode: Greedy Low Mem
Total time: 0h 0m 0s 373ms

Size of the sequence database: 499
Size of the alignment database: 499
Number of clusters: 499

Writing results 0h 0m 0s 0ms
Time for merging to clu: 0h 0m 0s 3ms
Time for processing: 0h 0m 0s 533ms
mergeclusters contigs99.tmp/5604827727106119349/input contigs99.tmp/5604827727106119349/clu contigs99.tmp/5604827727106119349/clu_tmp/6536699530685692491/clu_redundancy contigs99.tmp/5604827727106119349/clu_tmp/6536699530685692491/clu --threads 128 --compressed 0 -v 3 

Clustering step 1
[=================================================================] 499 0s 124ms
Clustering step 2
[=================================================================] 499 0s 427ms
Write merged clustering
[=================================================================] 500 0s 853ms
Time for merging to clu: 0h 0m 0s 221ms
Time for processing: 0h 0m 1s 337ms
rmdb contigs99.tmp/5604827727106119349/clu_tmp/6536699530685692491/query_seqs -v 3 

Time for processing: 0h 0m 0s 4ms
rmdb contigs99.tmp/5604827727106119349/clu_tmp/6536699530685692491/clu_redundancy -v 3 

Time for processing: 0h 0m 0s 100ms
rmdb contigs99.tmp/5604827727106119349/clu_tmp/6536699530685692491/input_step_redundancy -v 3 

Time for processing: 0h 0m 0s 3ms
rmdb contigs99.tmp/5604827727106119349/clu_tmp/6536699530685692491/perf -v 3 

Time for processing: 0h 0m 0s 0ms
rmdb contigs99.tmp/5604827727106119349/clu_tmp/6536699530685692491/aln -v 3 

Time for processing: 0h 0m 0s 2ms
rmdb contigs99.tmp/5604827727106119349/clu_tmp/6536699530685692491/aln_off -v 3 

Time for processing: 0h 0m 0s 96ms
rmdb contigs99.tmp/5604827727106119349/clu_tmp/6536699530685692491/clu -v 3 

Time for processing: 0h 0m 0s 2ms
createtsv contigs99.tmp/5604827727106119349/input contigs99.tmp/5604827727106119349/input contigs99.tmp/5604827727106119349/clu contigs99.tmp/5604827727106119349/cluster.tsv --threads 128 -v 3 

Time for merging to cluster.tsv: 0h 0m 0s 304ms
Time for processing: 0h 0m 0s 831ms
result2repseq contigs99.tmp/5604827727106119349/input contigs99.tmp/5604827727106119349/clu contigs99.tmp/5604827727106119349/clu_rep --db-load-mode 0 --compressed 0 --threads 128 -v 3 

[=================================================================] 499 0s 77ms
Time for merging to clu_rep: 0h 0m 0s 313ms
Time for processing: 0h 0m 0s 912ms
result2flat contigs99.tmp/5604827727106119349/input contigs99.tmp/5604827727106119349/input contigs99.tmp/5604827727106119349/clu_rep contigs99.tmp/5604827727106119349/rep_seq.fasta --use-fasta-header -v 3 

Time for processing: 0h 0m 0s 15ms
createseqfiledb contigs99.tmp/5604827727106119349/input contigs99.tmp/5604827727106119349/clu contigs99.tmp/5604827727106119349/clu_seqs --threads 128 -v 3 

[=================================================================] 499 0s 45ms
Time for merging to clu_seqs: 0h 0m 0s 224ms
Time for processing: 0h 0m 0s 769ms
result2flat contigs99.tmp/5604827727106119349/input contigs99.tmp/5604827727106119349/input contigs99.tmp/5604827727106119349/clu_seqs contigs99.tmp/5604827727106119349/all_seqs.fasta -v 3 

Time for processing: 0h 0m 0s 71ms
rmdb contigs99.tmp/5604827727106119349/input -v 3 

Time for processing: 0h 0m 0s 3ms
rmdb contigs99.tmp/5604827727106119349/input_h -v 3 

Time for processing: 0h 0m 0s 3ms
rmdb contigs99.tmp/5604827727106119349/clu_seqs -v 3 

Time for processing: 0h 0m 0s 102ms
rmdb contigs99.tmp/5604827727106119349/clu_rep -v 3 

Time for processing: 0h 0m 0s 2ms
rmdb contigs99.tmp/5604827727106119349/clu -v 3 

Time for processing: 0h 0m 0s 100ms
