Create directory protclust99.tmp
easy-cluster orfs.faa protclusts99 protclust99.tmp --min-seq-id 0.99 -c 0.3 --cov-mode 1 

MMseqs Version:                     	13.45111
Substitution matrix                 	nucl:nucleotide.out,aa:blosum62.out
Seed substitution matrix            	nucl:nucleotide.out,aa:VTML80.out
Sensitivity                         	4
k-mer length                        	0
k-score                             	2147483647
Alphabet size                       	nucl:5,aa:21
Max sequence length                 	65535
Max results per query               	20
Split database                      	0
Split mode                          	2
Split memory limit                  	0
Coverage threshold                  	0.3
Coverage mode                       	1
Compositional bias                  	1
Diagonal scoring                    	true
Exact k-mer matching                	0
Mask residues                       	1
Mask lower case residues            	0
Minimum diagonal score              	15
Include identical seq. id.          	false
Spaced k-mers                       	1
Preload mode                        	0
Pseudo count a                      	1
Pseudo count b                      	1.5
Spaced k-mer pattern                	
Local temporary path                	
Threads                             	128
Compressed                          	0
Verbosity                           	3
Add backtrace                       	false
Alignment mode                      	3
Alignment mode                      	0
Allow wrapped scoring               	false
E-value threshold                   	0.001
Seq. id. threshold                  	0.99
Min alignment length                	0
Seq. id. mode                       	0
Alternative alignments              	0
Max reject                          	2147483647
Max accept                          	2147483647
Score bias                          	0
Realign hits                        	false
Realign score bias                  	-0.2
Realign max seqs                    	2147483647
Gap open cost                       	nucl:5,aa:11
Gap extension cost                  	nucl:2,aa:1
Zdrop                               	40
Rescore mode                        	0
Remove hits by seq. id. and coverage	false
Sort results                        	0
Cluster mode                        	0
Max connected component depth       	1000
Similarity type                     	2
Single step clustering              	false
Cascaded clustering steps           	3
Cluster reassign                    	false
Remove temporary files              	true
Force restart with latest tmp       	false
MPI runner                          	
k-mers per sequence                 	21
Scale k-mers per sequence           	nucl:0.200,aa:0.000
Adjust k-mer length                 	false
Shift hash                          	67
Include only extendable             	false
Skip repeating k-mers               	false
Database type                       	0
Shuffle input database              	true
Createdb mode                       	1
Write lookup file                   	0
Offset of numeric ids               	0

createdb orfs.faa protclust99.tmp/14977260332223614183/input --dbtype 0 --shuffle 1 --createdb-mode 1 --write-lookup 0 --id-offset 0 --compressed 0 -v 3 

Shuffle database cannot be combined with --createdb-mode 0
We recompute with --shuffle 0
Converting sequences
[Multiline fasta can not be combined with --createdb-mode 0
We recompute with --createdb-mode 1
Time for merging to input_h: 0h 0m 0s 3ms
Time for merging to input: 0h 0m 0s 3ms
[
Time for merging to input_h: 0h 0m 0s 3ms
Time for merging to input: 0h 0m 0s 3ms
Database type: Aminoacid
Time for processing: 0h 0m 0s 39ms
Create directory protclust99.tmp/14977260332223614183/clu_tmp
cluster protclust99.tmp/14977260332223614183/input protclust99.tmp/14977260332223614183/clu protclust99.tmp/14977260332223614183/clu_tmp --max-seqs 20 -c 0.3 --cov-mode 1 --spaced-kmer-mode 1 --alignment-mode 3 -e 0.001 --min-seq-id 0.99 --remove-tmp-files 1 

Set cluster sensitivity to -s 1.000000
Set cluster mode GREEDY MEM
Set cluster iterations to 1
linclust protclust99.tmp/14977260332223614183/input protclust99.tmp/14977260332223614183/clu_tmp/1493692253498045188/clu_redundancy protclust99.tmp/14977260332223614183/clu_tmp/1493692253498045188/linclust --cluster-mode 3 --max-iterations 1000 --similarity-type 2 --threads 128 --compressed 0 -v 3 --sub-mat nucl:nucleotide.out,aa:blosum62.out -a 0 --alignment-mode 3 --alignment-output-mode 0 --wrapped-scoring 0 -e 0.001 --min-seq-id 0.99 --min-aln-len 0 --seq-id-mode 0 --alt-ali 0 -c 0.3 --cov-mode 1 --max-seq-len 65535 --comp-bias-corr 0 --max-rejected 2147483647 --max-accept 2147483647 --add-self-matches 0 --db-load-mode 0 --pca 1 --pcb 1.5 --score-bias 0 --realign 0 --realign-score-bias -0.2 --realign-max-seqs 2147483647 --gap-open nucl:5,aa:11 --gap-extend nucl:2,aa:1 --zdrop 40 --alph-size nucl:5,aa:13 --kmer-per-seq 21 --spaced-kmer-mode 1 --kmer-per-seq-scale nucl:0.200,aa:0.000 --adjust-kmer-len 0 --mask 0 --mask-lower-case 0 -k 0 --hash-shift 67 --split-memory-limit 0 --include-only-extendable 0 --ignore-multi-kmer 0 --rescore-mode 0 --filter-hits 0 --sort-results 0 --remove-tmp-files 1 --force-reuse 0 

kmermatcher protclust99.tmp/14977260332223614183/input protclust99.tmp/14977260332223614183/clu_tmp/1493692253498045188/linclust/14941406920471987614/pref --sub-mat nucl:nucleotide.out,aa:blosum62.out --alph-size nucl:5,aa:13 --min-seq-id 0.99 --kmer-per-seq 21 --spaced-kmer-mode 1 --kmer-per-seq-scale nucl:0.200,aa:0.000 --adjust-kmer-len 0 --mask 0 --mask-lower-case 0 --cov-mode 1 -k 0 -c 0.3 --max-seq-len 65535 --hash-shift 67 --split-memory-limit 0 --include-only-extendable 0 --ignore-multi-kmer 0 --threads 128 --compressed 0 -v 3 

kmermatcher protclust99.tmp/14977260332223614183/input protclust99.tmp/14977260332223614183/clu_tmp/1493692253498045188/linclust/14941406920471987614/pref --sub-mat nucl:nucleotide.out,aa:blosum62.out --alph-size nucl:5,aa:13 --min-seq-id 0.99 --kmer-per-seq 21 --spaced-kmer-mode 1 --kmer-per-seq-scale nucl:0.200,aa:0.000 --adjust-kmer-len 0 --mask 0 --mask-lower-case 0 --cov-mode 1 -k 0 -c 0.3 --max-seq-len 65535 --hash-shift 67 --split-memory-limit 0 --include-only-extendable 0 --ignore-multi-kmer 0 --threads 128 --compressed 0 -v 3 

Database size: 1273 type: Aminoacid

Generate k-mers list for 1 split
[=================================================================] 1.27K 0s 106ms
Sort kmer 0h 0m 0s 3ms
Sort by rep. sequence 0h 0m 0s 0ms
Time for fill: 0h 0m 0s 0ms
Time for merging to pref: 0h 0m 0s 2ms
Time for processing: 0h 0m 0s 745ms
rescorediagonal protclust99.tmp/14977260332223614183/input protclust99.tmp/14977260332223614183/input protclust99.tmp/14977260332223614183/clu_tmp/1493692253498045188/linclust/14941406920471987614/pref protclust99.tmp/14977260332223614183/clu_tmp/1493692253498045188/linclust/14941406920471987614/pref_rescore1 --sub-mat nucl:nucleotide.out,aa:blosum62.out --rescore-mode 0 --wrapped-scoring 0 --filter-hits 0 -e 0.001 -c 0.5 -a 0 --cov-mode 1 --min-seq-id 0.99 --min-aln-len 0 --seq-id-mode 0 --add-self-matches 0 --sort-results 0 --db-load-mode 0 --threads 128 --compressed 0 -v 3 

[==============================================] =1.27K 0s 15ms
==================Time for merging to pref_rescore1: 0h 0m 0s 229ms
Time for processing: 0h 0m 0s 806ms
clust protclust99.tmp/14977260332223614183/input protclust99.tmp/14977260332223614183/clu_tmp/1493692253498045188/linclust/14941406920471987614/pref_rescore1 protclust99.tmp/14977260332223614183/clu_tmp/1493692253498045188/linclust/14941406920471987614/pre_clust --cluster-mode 3 --max-iterations 1000 --similarity-type 2 --threads 128 --compressed 0 -v 3 

Clustering mode: Greedy Low Mem
Total time: 0h 0m 0s 327ms

Size of the sequence database: 1273
Size of the alignment database: 1273
Number of clusters: 1267

Writing results 0h 0m 0s 0ms
Time for merging to pre_clust: 0h 0m 0s 2ms
Time for processing: 0h 0m 0s 493ms
createsubdb protclust99.tmp/14977260332223614183/clu_tmp/1493692253498045188/linclust/14941406920471987614/order_redundancy protclust99.tmp/14977260332223614183/input protclust99.tmp/14977260332223614183/clu_tmp/1493692253498045188/linclust/14941406920471987614/input_step_redundancy -v 3 --subdb-mode 1 

Time for merging to input_step_redundancy: 0h 0m 0s 2ms
Time for processing: 0h 0m 0s 15ms
createsubdb protclust99.tmp/14977260332223614183/clu_tmp/1493692253498045188/linclust/14941406920471987614/order_redundancy protclust99.tmp/14977260332223614183/clu_tmp/1493692253498045188/linclust/14941406920471987614/pref protclust99.tmp/14977260332223614183/clu_tmp/1493692253498045188/linclust/14941406920471987614/pref_filter1 -v 3 --subdb-mode 1 

Time for merging to pref_filter1: 0h 0m 0s 5ms
Time for processing: 0h 0m 0s 17ms
filterdb protclust99.tmp/14977260332223614183/clu_tmp/1493692253498045188/linclust/14941406920471987614/pref_filter1 protclust99.tmp/14977260332223614183/clu_tmp/1493692253498045188/linclust/14941406920471987614/pref_filter2 --filter-file protclust99.tmp/14977260332223614183/clu_tmp/1493692253498045188/linclust/14941406920471987614/order_redundancy --threads 128 --compressed 0 -v 3 

Filtering using file(s)
==========================================[=======================] 1.27K 0s 99ms
Time for merging to pref_filter2: 0h 0m 0s 229ms
Time for processing: 0h 0m 0s 913ms
rescorediagonal protclust99.tmp/14977260332223614183/clu_tmp/1493692253498045188/linclust/14941406920471987614/input_step_redundancy protclust99.tmp/14977260332223614183/clu_tmp/1493692253498045188/linclust/14941406920471987614/input_step_redundancy protclust99.tmp/14977260332223614183/clu_tmp/1493692253498045188/linclust/14941406920471987614/pref_filter2 protclust99.tmp/14977260332223614183/clu_tmp/1493692253498045188/linclust/14941406920471987614/pref_rescore2 --sub-mat nucl:nucleotide.out,aa:blosum62.out --rescore-mode 1 --wrapped-scoring 0 --filter-hits 1 -e 0.001 -c 0.3 -a 0 --cov-mode 1 --min-seq-id 0.99 --min-aln-len 0 --seq-id-mode 0 --add-self-matches 0 --sort-results 0 --db-load-mode 0 --threads 128 --compressed 0 -v 3 

[=================================================================] 1.27K 0s 18ms
Time for merging to pref_rescore2: 0h 0m 0s 197ms
Time for processing: 0h 0m 0s 872ms
align protclust99.tmp/14977260332223614183/clu_tmp/1493692253498045188/linclust/14941406920471987614/input_step_redundancy protclust99.tmp/14977260332223614183/clu_tmp/1493692253498045188/linclust/14941406920471987614/input_step_redundancy protclust99.tmp/14977260332223614183/clu_tmp/1493692253498045188/linclust/14941406920471987614/pref_rescore2 protclust99.tmp/14977260332223614183/clu_tmp/1493692253498045188/linclust/14941406920471987614/aln --sub-mat nucl:nucleotide.out,aa:blosum62.out -a 0 --alignment-mode 3 --alignment-output-mode 0 --wrapped-scoring 0 -e 0.001 --min-seq-id 0.99 --min-aln-len 0 --seq-id-mode 0 --alt-ali 0 -c 0.3 --cov-mode 1 --max-seq-len 65535 --comp-bias-corr 0 --max-rejected 2147483647 --max-accept 2147483647 --add-self-matches 0 --db-load-mode 0 --pca 1 --pcb 1.5 --score-bias 0 --realign 0 --realign-score-bias -0.2 --realign-max-seqs 2147483647 --gap-open nucl:5,aa:11 --gap-extend nucl:2,aa:1 --zdrop 40 --threads 128 --compressed 0 -v 3 

Compute score, coverage and sequence identity
Query database size: 1267 type: Aminoacid
Target database size: 1267 type: Aminoacid
Calculation of alignments
[=================================================================] 1.27K 0s 102ms
Time for merging to aln: 0h 0m 0s 203ms
1454 alignments calculated
1270 sequence pairs passed the thresholds (0.873453 of overall calculated)
1.002368 hits per query sequence
Time for processing: 0h 0m 0s 858ms
clust protclust99.tmp/14977260332223614183/clu_tmp/1493692253498045188/linclust/14941406920471987614/input_step_redundancy protclust99.tmp/14977260332223614183/clu_tmp/1493692253498045188/linclust/14941406920471987614/aln protclust99.tmp/14977260332223614183/clu_tmp/1493692253498045188/linclust/14941406920471987614/clust --cluster-mode 3 --max-iterations 1000 --similarity-type 2 --threads 128 --compressed 0 -v 3 

Clustering mode: Greedy Low Mem
Total time: 0h 0m 0s 405ms

Size of the sequence database: 1267
Size of the alignment database: 1267
Number of clusters: 1264

Writing results 0h 0m 0s 0ms
Time for merging to clust: 0h 0m 0s 3ms
Time for processing: 0h 0m 0s 565ms
mergeclusters protclust99.tmp/14977260332223614183/input protclust99.tmp/14977260332223614183/clu_tmp/1493692253498045188/clu_redundancy protclust99.tmp/14977260332223614183/clu_tmp/1493692253498045188/linclust/14941406920471987614/pre_clust protclust99.tmp/14977260332223614183/clu_tmp/1493692253498045188/linclust/14941406920471987614/clust --threads 128 --compressed 0 -v 3 

Clustering step 1
[================================================================] 1.27K 0s 171ms
=Clustering step 2
[=================================================================] 1.26K 0s 471ms
Write merged clustering
[=================================================================] 1.27K 0s 868ms
Time for merging to clu_redundancy: 0h 0m 0s 218ms
Time for processing: 0h 0m 1s 228ms
rmdb protclust99.tmp/14977260332223614183/clu_tmp/1493692253498045188/linclust/14941406920471987614/pref_filter1 -v 3 

Time for processing: 0h 0m 0s 3ms
rmdb protclust99.tmp/14977260332223614183/clu_tmp/1493692253498045188/linclust/14941406920471987614/pref -v 3 

Time for processing: 0h 0m 0s 2ms
rmdb protclust99.tmp/14977260332223614183/clu_tmp/1493692253498045188/linclust/14941406920471987614/pref_rescore1 -v 3 

Time for processing: 0h 0m 0s 102ms
rmdb protclust99.tmp/14977260332223614183/clu_tmp/1493692253498045188/linclust/14941406920471987614/pre_clust -v 3 

Time for processing: 0h 0m 0s 2ms
rmdb protclust99.tmp/14977260332223614183/clu_tmp/1493692253498045188/linclust/14941406920471987614/input_step_redundancy -v 3 

Time for processing: 0h 0m 0s 3ms
rmdb protclust99.tmp/14977260332223614183/clu_tmp/1493692253498045188/linclust/14941406920471987614/input_step_redundancy_h -v 3 

Time for processing: 0h 0m 0s 2ms
rmdb protclust99.tmp/14977260332223614183/clu_tmp/1493692253498045188/linclust/14941406920471987614/pref_filter2 -v 3 

Time for processing: 0h 0m 0s 96ms
rmdb protclust99.tmp/14977260332223614183/clu_tmp/1493692253498045188/linclust/14941406920471987614/pref_rescore2 -v 3 

Time for processing: 0h 0m 0s 94ms
rmdb protclust99.tmp/14977260332223614183/clu_tmp/1493692253498045188/linclust/14941406920471987614/aln -v 3 

Time for processing: 0h 0m 0s 96ms
rmdb protclust99.tmp/14977260332223614183/clu_tmp/1493692253498045188/linclust/14941406920471987614/clust -v 3 

Time for processing: 0h 0m 0s 2ms
createsubdb protclust99.tmp/14977260332223614183/clu_tmp/1493692253498045188/clu_redundancy protclust99.tmp/14977260332223614183/input protclust99.tmp/14977260332223614183/clu_tmp/1493692253498045188/input_step_redundancy -v 3 --subdb-mode 1 

Time for merging to input_step_redundancy: 0h 0m 0s 2ms
Time for processing: 0h 0m 0s 14ms
prefilter protclust99.tmp/14977260332223614183/clu_tmp/1493692253498045188/input_step_redundancy protclust99.tmp/14977260332223614183/clu_tmp/1493692253498045188/input_step_redundancy protclust99.tmp/14977260332223614183/clu_tmp/1493692253498045188/pref_step0 --sub-mat nucl:nucleotide.out,aa:blosum62.out --seed-sub-mat nucl:nucleotide.out,aa:VTML80.out -s 1 -k 0 --k-score 2147483647 --alph-size nucl:5,aa:21 --max-seq-len 65535 --max-seqs 20 --split 0 --split-mode 2 --split-memory-limit 0 -c 0.3 --cov-mode 1 --comp-bias-corr 0 --diag-score 0 --exact-kmer-matching 0 --mask 1 --mask-lower-case 0 --min-ungapped-score 0 --add-self-matches 0 --spaced-kmer-mode 1 --db-load-mode 0 --pca 1 --pcb 1.5 --threads 128 --compressed 0 -v 3 

Query database size: 1264 type: Aminoacid
Estimated memory consumption: 986M
Target database size: 1264 type: Aminoacid
Index table k-mer threshold: 154 at k-mer size 6 
Index table: counting k-mers
[=================================================================] 1.26K 0s 116ms
Index table: Masked residues: 990
Index table: fill
[=================================================================] 1.26K 0s 10ms
Index statistics
Entries:          100906
DB size:          488 MB
Avg k-mer size:   0.001577
Top 10 k-mers
    PGLNPF	15
    KPARAP	15
    PGGTAT	12
    RNAFLP	10
    EFRLER	10
    ARRRGR	10
    LLTFDY	10
    TTLDTH	8
    VPRINM	8
    LLNVWN	8
Time for index table init: 0h 0m 1s 10ms
Process prefiltering step 1 of 1

k-mer similarity threshold: 154
Starting prefiltering scores calculation (step 1 of 1)
Query db start 1 to 1264
Target db start 1 to 1264
[=================================================================] 1.26K 0s 19ms

1.728221 k-mers per position
105 DB matches per sequence
0 overflows
0 queries produce too many hits (truncated result)
2 sequences passed prefiltering per query sequence
1 median result list length
0 sequences with 0 size result lists
Time for merging to pref_step0: 0h 0m 0s 197ms
Time for processing: 0h 0m 2s 832ms
align protclust99.tmp/14977260332223614183/clu_tmp/1493692253498045188/input_step_redundancy protclust99.tmp/14977260332223614183/clu_tmp/1493692253498045188/input_step_redundancy protclust99.tmp/14977260332223614183/clu_tmp/1493692253498045188/pref_step0 protclust99.tmp/14977260332223614183/clu_tmp/1493692253498045188/aln_step0 --sub-mat nucl:nucleotide.out,aa:blosum62.out -a 0 --alignment-mode 3 --alignment-output-mode 0 --wrapped-scoring 0 -e 0.001 --min-seq-id 0.99 --min-aln-len 0 --seq-id-mode 0 --alt-ali 0 -c 0.3 --cov-mode 1 --max-seq-len 65535 --comp-bias-corr 0 --max-rejected 2147483647 --max-accept 2147483647 --add-self-matches 0 --db-load-mode 0 --pca 1 --pcb 1.5 --score-bias 0 --realign 0 --realign-score-bias -0.2 --realign-max-seqs 2147483647 --gap-open nucl:5,aa:11 --gap-extend nucl:2,aa:1 --zdrop 40 --threads 128 --compressed 0 -v 3 

Compute score, coverage and sequence identity
Query database size: 1264 type: Aminoacid
Target database size: 1264 type: Aminoacid
Calculation of alignments
[=================================================================] 1.26K 0s 173ms
Time for merging to aln_step0: 0h 0m 0s 206ms
3273 alignments calculated
1266 sequence pairs passed the thresholds (0.386801 of overall calculated)
1.001582 hits per query sequence
Time for processing: 0h 0m 0s 953ms
clust protclust99.tmp/14977260332223614183/clu_tmp/1493692253498045188/input_step_redundancy protclust99.tmp/14977260332223614183/clu_tmp/1493692253498045188/aln_step0 protclust99.tmp/14977260332223614183/clu_tmp/1493692253498045188/clu_step0 --cluster-mode 3 --max-iterations 1000 --similarity-type 2 --threads 128 --compressed 0 -v 3 

Clustering mode: Greedy Low Mem
Total time: 0h 0m 0s 507ms

Size of the sequence database: 1264
Size of the alignment database: 1264
Number of clusters: 1262

Writing results 0h 0m 0s 0ms
Time for merging to clu_step0: 0h 0m 0s 2ms
Time for processing: 0h 0m 0s 657ms
mergeclusters protclust99.tmp/14977260332223614183/input protclust99.tmp/14977260332223614183/clu protclust99.tmp/14977260332223614183/clu_tmp/1493692253498045188/clu_redundancy protclust99.tmp/14977260332223614183/clu_tmp/1493692253498045188/clu_step0 --threads 128 --compressed 0 -v 3 

Clustering step 1
[=================================================================] 1.26K 0s 33ms
Clustering step 2
[=================================================================] 1.26K 0s 421ms
Write merged clustering
[=================================================================] 1.27K 0s 827ms
Time for merging to clu: 0h 0m 0s 215ms
Time for processing: 0h 0m 1s 326ms
rmdb protclust99.tmp/14977260332223614183/clu_tmp/1493692253498045188/clu_redundancy -v 3 

Time for processing: 0h 0m 0s 78ms
rmdb protclust99.tmp/14977260332223614183/clu_tmp/1493692253498045188/input_step_redundancy -v 3 

Time for processing: 0h 0m 0s 3ms
rmdb protclust99.tmp/14977260332223614183/clu_tmp/1493692253498045188/input_step_redundancy_h -v 3 

Time for processing: 0h 0m 0s 2ms
rmdb protclust99.tmp/14977260332223614183/clu_tmp/1493692253498045188/pref_step0 -v 3 

Time for processing: 0h 0m 0s 97ms
rmdb protclust99.tmp/14977260332223614183/clu_tmp/1493692253498045188/aln_step0 -v 3 

Time for processing: 0h 0m 0s 99ms
rmdb protclust99.tmp/14977260332223614183/clu_tmp/1493692253498045188/clu_step0 -v 3 

Time for processing: 0h 0m 0s 2ms
createtsv protclust99.tmp/14977260332223614183/input protclust99.tmp/14977260332223614183/input protclust99.tmp/14977260332223614183/clu protclust99.tmp/14977260332223614183/cluster.tsv --threads 128 -v 3 

Time for merging to cluster.tsv: 0h 0m 0s 290ms
Time for processing: 0h 0m 0s 848ms
result2repseq protclust99.tmp/14977260332223614183/input protclust99.tmp/14977260332223614183/clu protclust99.tmp/14977260332223614183/clu_rep --db-load-mode 0 --compressed 0 --threads 128 -v 3 

[=================================================================] 1.26K 0s 107ms
Time for merging to clu_rep: 0h 0m 0s 290ms
Time for processing: 0h 0m 0s 905ms
result2flat protclust99.tmp/14977260332223614183/input protclust99.tmp/14977260332223614183/input protclust99.tmp/14977260332223614183/clu_rep protclust99.tmp/14977260332223614183/rep_seq.fasta --use-fasta-header -v 3 

Time for processing: 0h 0m 0s 13ms
createseqfiledb protclust99.tmp/14977260332223614183/input protclust99.tmp/14977260332223614183/clu protclust99.tmp/14977260332223614183/clu_seqs --threads 128 -v 3 

[=================================================================] 1.26K 0s 73ms
Time for merging to clu_seqs: 0h 0m 0s 200ms
Time for processing: 0h 0m 0s 793ms
result2flat protclust99.tmp/14977260332223614183/input protclust99.tmp/14977260332223614183/input protclust99.tmp/14977260332223614183/clu_seqs protclust99.tmp/14977260332223614183/all_seqs.fasta -v 3 

Time for processing: 0h 0m 0s 72ms
rmdb protclust99.tmp/14977260332223614183/input -v 3 

Time for processing: 0h 0m 0s 3ms
rmdb protclust99.tmp/14977260332223614183/input_h -v 3 

Time for processing: 0h 0m 0s 3ms
rmdb protclust99.tmp/14977260332223614183/clu_seqs -v 3 

Time for processing: 0h 0m 0s 127ms
rmdb protclust99.tmp/14977260332223614183/clu_rep -v 3 

Time for processing: 0h 0m 0s 3ms
rmdb protclust99.tmp/14977260332223614183/clu -v 3 

Time for processing: 0h 0m 0s 136ms
