Create directory protclust99.tmp
easy-cluster orfs.faa protclusts99 protclust99.tmp --min-seq-id 0.99 -c 0.3 --cov-mode 1 

MMseqs Version:                     	13.45111
Substitution matrix                 	nucl:nucleotide.out,aa:blosum62.out
Seed substitution matrix            	nucl:nucleotide.out,aa:VTML80.out
Sensitivity                         	4
k-mer length                        	0
k-score                             	2147483647
Alphabet size                       	nucl:5,aa:21
Max sequence length                 	65535
Max results per query               	20
Split database                      	0
Split mode                          	2
Split memory limit                  	0
Coverage threshold                  	0.3
Coverage mode                       	1
Compositional bias                  	1
Diagonal scoring                    	true
Exact k-mer matching                	0
Mask residues                       	1
Mask lower case residues            	0
Minimum diagonal score              	15
Include identical seq. id.          	false
Spaced k-mers                       	1
Preload mode                        	0
Pseudo count a                      	1
Pseudo count b                      	1.5
Spaced k-mer pattern                	
Local temporary path                	
Threads                             	128
Compressed                          	0
Verbosity                           	3
Add backtrace                       	false
Alignment mode                      	3
Alignment mode                      	0
Allow wrapped scoring               	false
E-value threshold                   	0.001
Seq. id. threshold                  	0.99
Min alignment length                	0
Seq. id. mode                       	0
Alternative alignments              	0
Max reject                          	2147483647
Max accept                          	2147483647
Score bias                          	0
Realign hits                        	false
Realign score bias                  	-0.2
Realign max seqs                    	2147483647
Gap open cost                       	nucl:5,aa:11
Gap extension cost                  	nucl:2,aa:1
Zdrop                               	40
Rescore mode                        	0
Remove hits by seq. id. and coverage	false
Sort results                        	0
Cluster mode                        	0
Max connected component depth       	1000
Similarity type                     	2
Single step clustering              	false
Cascaded clustering steps           	3
Cluster reassign                    	false
Remove temporary files              	true
Force restart with latest tmp       	false
MPI runner                          	
k-mers per sequence                 	21
Scale k-mers per sequence           	nucl:0.200,aa:0.000
Adjust k-mer length                 	false
Shift hash                          	67
Include only extendable             	false
Skip repeating k-mers               	false
Database type                       	0
Shuffle input database              	true
Createdb mode                       	1
Write lookup file                   	0
Offset of numeric ids               	0

createdb orfs.faa protclust99.tmp/8954080449929050857/input --dbtype 0 --shuffle 1 --createdb-mode 1 --write-lookup 0 --id-offset 0 --compressed 0 -v 3 

Shuffle database cannot be combined with --createdb-mode 0
We recompute with --shuffle 0
Converting sequences
[Multiline fasta can not be combined with --createdb-mode 0
We recompute with --createdb-mode 1
Time for merging to input_h: 0h 0m 0s 3ms
Time for merging to input: 0h 0m 0s 3ms
[
Time for merging to input_h: 0h 0m 0s 2ms
Time for merging to input: 0h 0m 0s 2ms
Database type: Aminoacid
Time for processing: 0h 0m 0s 31ms
Create directory protclust99.tmp/8954080449929050857/clu_tmp
cluster protclust99.tmp/8954080449929050857/input protclust99.tmp/8954080449929050857/clu protclust99.tmp/8954080449929050857/clu_tmp --max-seqs 20 -c 0.3 --cov-mode 1 --spaced-kmer-mode 1 --alignment-mode 3 -e 0.001 --min-seq-id 0.99 --remove-tmp-files 1 

Set cluster sensitivity to -s 1.000000
Set cluster mode GREEDY MEM
Set cluster iterations to 1
linclust protclust99.tmp/8954080449929050857/input protclust99.tmp/8954080449929050857/clu_tmp/9963343556812974804/clu_redundancy protclust99.tmp/8954080449929050857/clu_tmp/9963343556812974804/linclust --cluster-mode 3 --max-iterations 1000 --similarity-type 2 --threads 128 --compressed 0 -v 3 --sub-mat nucl:nucleotide.out,aa:blosum62.out -a 0 --alignment-mode 3 --alignment-output-mode 0 --wrapped-scoring 0 -e 0.001 --min-seq-id 0.99 --min-aln-len 0 --seq-id-mode 0 --alt-ali 0 -c 0.3 --cov-mode 1 --max-seq-len 65535 --comp-bias-corr 0 --max-rejected 2147483647 --max-accept 2147483647 --add-self-matches 0 --db-load-mode 0 --pca 1 --pcb 1.5 --score-bias 0 --realign 0 --realign-score-bias -0.2 --realign-max-seqs 2147483647 --gap-open nucl:5,aa:11 --gap-extend nucl:2,aa:1 --zdrop 40 --alph-size nucl:5,aa:13 --kmer-per-seq 21 --spaced-kmer-mode 1 --kmer-per-seq-scale nucl:0.200,aa:0.000 --adjust-kmer-len 0 --mask 0 --mask-lower-case 0 -k 0 --hash-shift 67 --split-memory-limit 0 --include-only-extendable 0 --ignore-multi-kmer 0 --rescore-mode 0 --filter-hits 0 --sort-results 0 --remove-tmp-files 1 --force-reuse 0 

kmermatcher protclust99.tmp/8954080449929050857/input protclust99.tmp/8954080449929050857/clu_tmp/9963343556812974804/linclust/4015241342172803238/pref --sub-mat nucl:nucleotide.out,aa:blosum62.out --alph-size nucl:5,aa:13 --min-seq-id 0.99 --kmer-per-seq 21 --spaced-kmer-mode 1 --kmer-per-seq-scale nucl:0.200,aa:0.000 --adjust-kmer-len 0 --mask 0 --mask-lower-case 0 --cov-mode 1 -k 0 -c 0.3 --max-seq-len 65535 --hash-shift 67 --split-memory-limit 0 --include-only-extendable 0 --ignore-multi-kmer 0 --threads 128 --compressed 0 -v 3 

kmermatcher protclust99.tmp/8954080449929050857/input protclust99.tmp/8954080449929050857/clu_tmp/9963343556812974804/linclust/4015241342172803238/pref --sub-mat nucl:nucleotide.out,aa:blosum62.out --alph-size nucl:5,aa:13 --min-seq-id 0.99 --kmer-per-seq 21 --spaced-kmer-mode 1 --kmer-per-seq-scale nucl:0.200,aa:0.000 --adjust-kmer-len 0 --mask 0 --mask-lower-case 0 --cov-mode 1 -k 0 -c 0.3 --max-seq-len 65535 --hash-shift 67 --split-memory-limit 0 --include-only-extendable 0 --ignore-multi-kmer 0 --threads 128 --compressed 0 -v 3 

Database size: 113 type: Aminoacid

Generate k-mers list for 1 split
[=================================================================] 113 0s 197ms
Sort kmer 0h 0m 0s 85ms
Sort by rep. sequence 0h 0m 0s 0ms
Time for fill: 0h 0m 0s 0ms
Time for merging to pref: 0h 0m 0s 2ms
Time for processing: 0h 0m 0s 632ms
rescorediagonal protclust99.tmp/8954080449929050857/input protclust99.tmp/8954080449929050857/input protclust99.tmp/8954080449929050857/clu_tmp/9963343556812974804/linclust/4015241342172803238/pref protclust99.tmp/8954080449929050857/clu_tmp/9963343556812974804/linclust/4015241342172803238/pref_rescore1 --sub-mat nucl:nucleotide.out,aa:blosum62.out --rescore-mode 0 --wrapped-scoring 0 --filter-hits 0 -e 0.001 -c 0.5 -a 0 --cov-mode 1 --min-seq-id 0.99 --min-aln-len 0 --seq-id-mode 0 --add-self-matches 0 --sort-results 0 --db-load-mode 0 --threads 128 --compressed 0 -v 3 

[==============================================] 113= =================0s 15ms
=Time for merging to pref_rescore1: 0h 0m 0s 204ms
Time for processing: 0h 0m 0s 770ms
clust protclust99.tmp/8954080449929050857/input protclust99.tmp/8954080449929050857/clu_tmp/9963343556812974804/linclust/4015241342172803238/pref_rescore1 protclust99.tmp/8954080449929050857/clu_tmp/9963343556812974804/linclust/4015241342172803238/pre_clust --cluster-mode 3 --max-iterations 1000 --similarity-type 2 --threads 128 --compressed 0 -v 3 

Clustering mode: Greedy Low Mem
Total time: 0h 0m 0s 456ms

Size of the sequence database: 113
Size of the alignment database: 113
Number of clusters: 113

Writing results 0h 0m 0s 0ms
Time for merging to pre_clust: 0h 0m 0s 3ms
Time for processing: 0h 0m 0s 605ms
createsubdb protclust99.tmp/8954080449929050857/clu_tmp/9963343556812974804/linclust/4015241342172803238/order_redundancy protclust99.tmp/8954080449929050857/input protclust99.tmp/8954080449929050857/clu_tmp/9963343556812974804/linclust/4015241342172803238/input_step_redundancy -v 3 --subdb-mode 1 

Time for merging to input_step_redundancy: 0h 0m 0s 2ms
Time for processing: 0h 0m 0s 15ms
createsubdb protclust99.tmp/8954080449929050857/clu_tmp/9963343556812974804/linclust/4015241342172803238/order_redundancy protclust99.tmp/8954080449929050857/clu_tmp/9963343556812974804/linclust/4015241342172803238/pref protclust99.tmp/8954080449929050857/clu_tmp/9963343556812974804/linclust/4015241342172803238/pref_filter1 -v 3 --subdb-mode 1 

Time for merging to pref_filter1: 0h 0m 0s 2ms
Time for processing: 0h 0m 0s 13ms
filterdb protclust99.tmp/8954080449929050857/clu_tmp/9963343556812974804/linclust/4015241342172803238/pref_filter1 protclust99.tmp/8954080449929050857/clu_tmp/9963343556812974804/linclust/4015241342172803238/pref_filter2 --filter-file protclust99.tmp/8954080449929050857/clu_tmp/9963343556812974804/linclust/4015241342172803238/order_redundancy --threads 128 --compressed 0 -v 3 

Filtering using file(s)
===[==============================================================] 113 0s 53ms
Time for merging to pref_filter2: 0h 0m 0s 194ms
Time for processing: 0h 0m 0s 685ms
rescorediagonal protclust99.tmp/8954080449929050857/clu_tmp/9963343556812974804/linclust/4015241342172803238/input_step_redundancy protclust99.tmp/8954080449929050857/clu_tmp/9963343556812974804/linclust/4015241342172803238/input_step_redundancy protclust99.tmp/8954080449929050857/clu_tmp/9963343556812974804/linclust/4015241342172803238/pref_filter2 protclust99.tmp/8954080449929050857/clu_tmp/9963343556812974804/linclust/4015241342172803238/pref_rescore2 --sub-mat nucl:nucleotide.out,aa:blosum62.out --rescore-mode 1 --wrapped-scoring 0 --filter-hits 1 -e 0.001 -c 0.3 -a 0 --cov-mode 1 --min-seq-id 0.99 --min-aln-len 0 --seq-id-mode 0 --add-self-matches 0 --sort-results 0 --db-load-mode 0 --threads 128 --compressed 0 -v 3 

===============================================[================] 113 0s 104ms
==Time for merging to pref_rescore2: 0h 0m 0s 192ms
Time for processing: 0h 0m 0s 864ms
align protclust99.tmp/8954080449929050857/clu_tmp/9963343556812974804/linclust/4015241342172803238/input_step_redundancy protclust99.tmp/8954080449929050857/clu_tmp/9963343556812974804/linclust/4015241342172803238/input_step_redundancy protclust99.tmp/8954080449929050857/clu_tmp/9963343556812974804/linclust/4015241342172803238/pref_rescore2 protclust99.tmp/8954080449929050857/clu_tmp/9963343556812974804/linclust/4015241342172803238/aln --sub-mat nucl:nucleotide.out,aa:blosum62.out -a 0 --alignment-mode 3 --alignment-output-mode 0 --wrapped-scoring 0 -e 0.001 --min-seq-id 0.99 --min-aln-len 0 --seq-id-mode 0 --alt-ali 0 -c 0.3 --cov-mode 1 --max-seq-len 65535 --comp-bias-corr 0 --max-rejected 2147483647 --max-accept 2147483647 --add-self-matches 0 --db-load-mode 0 --pca 1 --pcb 1.5 --score-bias 0 --realign 0 --realign-score-bias -0.2 --realign-max-seqs 2147483647 --gap-open nucl:5,aa:11 --gap-extend nucl:2,aa:1 --zdrop 40 --threads 128 --compressed 0 -v 3 

Compute score, coverage and sequence identity
Query database size: 113 type: Aminoacid
Target database size: 113 type: Aminoacid
Calculation of alignments
[=================================================================